[0]: Testing Random State [0]...
[Linear Regression with L2 regularization]:
  Best Parameters: {'alpha': 10}
  Test MSE: 19.07
  Test RMSE: 4.37
  Test R^2 Score: -0.08
[Support Vector Machine]:
  Best Parameters: {'C': 0.1, 'epsilon': 0.1, 'kernel': 'rbf'}
  Test MSE: 15.47
  Test RMSE: 3.93
  Test R^2 Score: 0.12
[Random Forest]:
  Best Parameters: {'max_depth': 20, 'min_samples_leaf': 1, 'min_samples_split': 2, 'n_estimators': 120}
  Test MSE: 5.46
  Test RMSE: 2.34
  Test R^2 Score: 0.69
[Neural Network]:
  Best Parameters: {'activation': 'tanh', 'alpha': 0.01, 'hidden_layer_sizes': (64, 32, 64), 'learning_rate_init': 0.01, 'solver': 'adam'}
  Test MSE: 9.35
  Test RMSE: 3.06
  Test R^2 Score: 0.47
[0]: Testing Random State [1]...
[Linear Regression with L2 regularization]:
  Best Parameters: {'alpha': 10}
  Test MSE: 17.96
  Test RMSE: 4.24
  Test R^2 Score: 0.15
[Support Vector Machine]:
  Best Parameters: {'C': 0.1, 'epsilon': 0.1, 'kernel': 'rbf'}
  Test MSE: 17.77
  Test RMSE: 4.22
  Test R^2 Score: 0.16
[Random Forest]:
  Best Parameters: {'max_depth': 20, 'min_samples_leaf': 1, 'min_samples_split': 2, 'n_estimators': 120}
  Test MSE: 5.65
  Test RMSE: 2.38
  Test R^2 Score: 0.73
[Neural Network]:
  Best Parameters: {'activation': 'tanh', 'alpha': 0.01, 'hidden_layer_sizes': (64, 32, 64), 'learning_rate_init': 0.01, 'solver': 'adam'}
  Test MSE: 6.90
  Test RMSE: 2.63
  Test R^2 Score: 0.67
[0]: Testing Random State [2]...
[Linear Regression with L2 regularization]:
  Best Parameters: {'alpha': 10}
  Test MSE: 16.06
  Test RMSE: 4.01
  Test R^2 Score: 0.14
[Support Vector Machine]:
  Best Parameters: {'C': 0.1, 'epsilon': 0.1, 'kernel': 'rbf'}
  Test MSE: 15.44
  Test RMSE: 3.93
  Test R^2 Score: 0.17
[Random Forest]:
  Best Parameters: {'max_depth': 20, 'min_samples_leaf': 1, 'min_samples_split': 2, 'n_estimators': 120}
  Test MSE: 5.09
  Test RMSE: 2.26
  Test R^2 Score: 0.73
[Neural Network]:
  Best Parameters: {'activation': 'relu', 'alpha': 0.0001, 'hidden_layer_sizes': (64, 32, 64), 'learning_rate_init': 0.01, 'solver': 'adam'}
  Test MSE: 9.13
  Test RMSE: 3.02
  Test R^2 Score: 0.51
[0]: Testing Random State [3]...
[Linear Regression with L2 regularization]:
  Best Parameters: {'alpha': 10}
  Test MSE: 17.30
  Test RMSE: 4.16
  Test R^2 Score: 0.11
[Support Vector Machine]:
  Best Parameters: {'C': 0.1, 'epsilon': 0.5, 'kernel': 'rbf'}
  Test MSE: 15.79
  Test RMSE: 3.97
  Test R^2 Score: 0.19
[Random Forest]:
  Best Parameters: {'max_depth': 20, 'min_samples_leaf': 1, 'min_samples_split': 2, 'n_estimators': 120}
  Test MSE: 6.61
  Test RMSE: 2.57
  Test R^2 Score: 0.66
[Neural Network]:
  Best Parameters: {'activation': 'tanh', 'alpha': 0.01, 'hidden_layer_sizes': (64, 32, 64), 'learning_rate_init': 0.01, 'solver': 'adam'}
  Test MSE: 6.29
  Test RMSE: 2.51
  Test R^2 Score: 0.68
[0]: Testing Random State [4]...
[Linear Regression with L2 regularization]:
  Best Parameters: {'alpha': 10}
  Test MSE: 17.94
  Test RMSE: 4.24
  Test R^2 Score: 0.15
[Support Vector Machine]:
  Best Parameters: {'C': 0.1, 'epsilon': 0.1, 'kernel': 'rbf'}
  Test MSE: 18.33
  Test RMSE: 4.28
  Test R^2 Score: 0.13
[Random Forest]:
  Best Parameters: {'max_depth': 20, 'min_samples_leaf': 1, 'min_samples_split': 2, 'n_estimators': 130}
  Test MSE: 7.04
  Test RMSE: 2.65
  Test R^2 Score: 0.67
[Neural Network]:
  Best Parameters: {'activation': 'tanh', 'alpha': 0.01, 'hidden_layer_sizes': (64, 32, 64), 'learning_rate_init': 0.01, 'solver': 'adam'}
  Test MSE: 13.33
  Test RMSE: 3.65
  Test R^2 Score: 0.37
[0]: Testing Random State [5]...
[Linear Regression with L2 regularization]:
  Best Parameters: {'alpha': 10}
  Test MSE: 17.32
  Test RMSE: 4.16
  Test R^2 Score: 0.14
[Support Vector Machine]:
  Best Parameters: {'C': 0.1, 'epsilon': 0.5, 'kernel': 'rbf'}
  Test MSE: 18.50
  Test RMSE: 4.30
  Test R^2 Score: 0.08
[Random Forest]:
  Best Parameters: {'max_depth': 20, 'min_samples_leaf': 1, 'min_samples_split': 2, 'n_estimators': 110}
  Test MSE: 4.78
  Test RMSE: 2.19
  Test R^2 Score: 0.76
[Neural Network]:
  Best Parameters: {'activation': 'tanh', 'alpha': 0.01, 'hidden_layer_sizes': (64, 128, 64), 'learning_rate_init': 0.01, 'solver': 'adam'}
  Test MSE: 4.46
  Test RMSE: 2.11
  Test R^2 Score: 0.78
[0]: Testing Random State [6]...
[Linear Regression with L2 regularization]:
  Best Parameters: {'alpha': 10}
  Test MSE: 17.27
  Test RMSE: 4.16
  Test R^2 Score: 0.23
[Support Vector Machine]:
  Best Parameters: {'C': 0.1, 'epsilon': 0.5, 'kernel': 'rbf'}
  Test MSE: 18.30
  Test RMSE: 4.28
  Test R^2 Score: 0.18
[Random Forest]:
  Best Parameters: {'max_depth': 20, 'min_samples_leaf': 1, 'min_samples_split': 2, 'n_estimators': 130}
  Test MSE: 5.79
  Test RMSE: 2.41
  Test R^2 Score: 0.74
[Neural Network]:
  Best Parameters: {'activation': 'tanh', 'alpha': 0.0001, 'hidden_layer_sizes': (64, 32, 16), 'learning_rate_init': 0.01, 'solver': 'adam'}
  Test MSE: 9.68
  Test RMSE: 3.11
  Test R^2 Score: 0.57
[0]: Testing Random State [7]...
[Linear Regression with L2 regularization]:
  Best Parameters: {'alpha': 10}
  Test MSE: 15.44
  Test RMSE: 3.93
  Test R^2 Score: 0.15
[Support Vector Machine]:
  Best Parameters: {'C': 0.1, 'epsilon': 0.5, 'kernel': 'rbf'}
  Test MSE: 14.82
  Test RMSE: 3.85
  Test R^2 Score: 0.19
[Random Forest]:
  Best Parameters: {'max_depth': 20, 'min_samples_leaf': 1, 'min_samples_split': 2, 'n_estimators': 130}
  Test MSE: 4.41
  Test RMSE: 2.10
  Test R^2 Score: 0.76
[Neural Network]:
  Best Parameters: {'activation': 'tanh', 'alpha': 0.01, 'hidden_layer_sizes': (32, 64, 32), 'learning_rate_init': 0.01, 'solver': 'adam'}
  Test MSE: 3.74
  Test RMSE: 1.93
  Test R^2 Score: 0.79
[0]: Testing Random State [8]...
[Linear Regression with L2 regularization]:
  Best Parameters: {'alpha': 10}
  Test MSE: 17.87
  Test RMSE: 4.23
  Test R^2 Score: 0.10
[Support Vector Machine]:
  Best Parameters: {'C': 0.1, 'epsilon': 0.1, 'kernel': 'rbf'}
  Test MSE: 16.77
  Test RMSE: 4.09
  Test R^2 Score: 0.16
[Random Forest]:
  Best Parameters: {'max_depth': 20, 'min_samples_leaf': 1, 'min_samples_split': 2, 'n_estimators': 130}
  Test MSE: 4.77
  Test RMSE: 2.18
  Test R^2 Score: 0.76
[Neural Network]:
  Best Parameters: {'activation': 'tanh', 'alpha': 0.01, 'hidden_layer_sizes': (32, 64, 32), 'learning_rate_init': 0.01, 'solver': 'adam'}
  Test MSE: 3.87
  Test RMSE: 1.97
  Test R^2 Score: 0.81
[0]: Testing Random State [9]...
[Linear Regression with L2 regularization]:
  Best Parameters: {'alpha': 10}
  Test MSE: 15.00
  Test RMSE: 3.87
  Test R^2 Score: 0.29
[Support Vector Machine]:
  Best Parameters: {'C': 0.1, 'epsilon': 0.1, 'kernel': 'rbf'}
  Test MSE: 15.78
  Test RMSE: 3.97
  Test R^2 Score: 0.26
[Random Forest]:
  Best Parameters: {'max_depth': 20, 'min_samples_leaf': 1, 'min_samples_split': 2, 'n_estimators': 130}
  Test MSE: 6.45
  Test RMSE: 2.54
  Test R^2 Score: 0.70
[Neural Network]:
  Best Parameters: {'activation': 'tanh', 'alpha': 0.0001, 'hidden_layer_sizes': (64, 32, 64), 'learning_rate_init': 0.01, 'solver': 'adam'}
  Test MSE: 10.15
  Test RMSE: 3.19
  Test R^2 Score: 0.52
[0]: Testing Random State [10]...
[Linear Regression with L2 regularization]:
  Best Parameters: {'alpha': 10}
  Test MSE: 18.99
  Test RMSE: 4.36
  Test R^2 Score: 0.20
[Support Vector Machine]:
  Best Parameters: {'C': 0.1, 'epsilon': 0.1, 'kernel': 'rbf'}
  Test MSE: 19.86
  Test RMSE: 4.46
  Test R^2 Score: 0.16
[Random Forest]:
  Best Parameters: {'max_depth': 20, 'min_samples_leaf': 1, 'min_samples_split': 2, 'n_estimators': 130}
  Test MSE: 5.75
  Test RMSE: 2.40
  Test R^2 Score: 0.76
[Neural Network]:
  Best Parameters: {'activation': 'tanh', 'alpha': 0.0001, 'hidden_layer_sizes': (64, 32, 64), 'learning_rate_init': 0.01, 'solver': 'adam'}
  Test MSE: 8.27
  Test RMSE: 2.88
  Test R^2 Score: 0.65
[0]: Testing Random State [11]...
[Linear Regression with L2 regularization]:
  Best Parameters: {'alpha': 10}
  Test MSE: 16.92
  Test RMSE: 4.11
  Test R^2 Score: 0.22
[Support Vector Machine]:
  Best Parameters: {'C': 0.1, 'epsilon': 0.5, 'kernel': 'rbf'}
  Test MSE: 17.41
  Test RMSE: 4.17
  Test R^2 Score: 0.20
[Random Forest]:
  Best Parameters: {'max_depth': 20, 'min_samples_leaf': 1, 'min_samples_split': 2, 'n_estimators': 120}
  Test MSE: 5.02
  Test RMSE: 2.24
  Test R^2 Score: 0.77
[Neural Network]:
  Best Parameters: {'activation': 'tanh', 'alpha': 0.01, 'hidden_layer_sizes': (32, 64, 32), 'learning_rate_init': 0.01, 'solver': 'adam'}
  Test MSE: 4.47
  Test RMSE: 2.11
  Test R^2 Score: 0.79
[0]: Testing Random State [12]...
[Linear Regression with L2 regularization]:
  Best Parameters: {'alpha': 10}
  Test MSE: 16.93
  Test RMSE: 4.11
  Test R^2 Score: 0.11
[Support Vector Machine]:
  Best Parameters: {'C': 0.1, 'epsilon': 0.1, 'kernel': 'rbf'}
  Test MSE: 16.00
  Test RMSE: 4.00
  Test R^2 Score: 0.16
[Random Forest]:
  Best Parameters: {'max_depth': 20, 'min_samples_leaf': 1, 'min_samples_split': 2, 'n_estimators': 130}
  Test MSE: 5.99
  Test RMSE: 2.45
  Test R^2 Score: 0.69
[Neural Network]:
  Best Parameters: {'activation': 'relu', 'alpha': 0.01, 'hidden_layer_sizes': (64, 32, 16, 32, 64), 'learning_rate_init': 0.01, 'solver': 'adam'}
  Test MSE: 12.44
  Test RMSE: 3.53
  Test R^2 Score: 0.35
[0]: Testing Random State [13]...
[Linear Regression with L2 regularization]:
  Best Parameters: {'alpha': 10}
  Test MSE: 20.29
  Test RMSE: 4.50
  Test R^2 Score: -0.06
[Support Vector Machine]:
  Best Parameters: {'C': 0.1, 'epsilon': 0.1, 'kernel': 'rbf'}
  Test MSE: 16.91
  Test RMSE: 4.11
  Test R^2 Score: 0.12
[Random Forest]:
  Best Parameters: {'max_depth': 20, 'min_samples_leaf': 1, 'min_samples_split': 2, 'n_estimators': 120}
  Test MSE: 3.96
  Test RMSE: 1.99
  Test R^2 Score: 0.79
[Neural Network]:
  Best Parameters: {'activation': 'tanh', 'alpha': 0.01, 'hidden_layer_sizes': (64, 32, 64), 'learning_rate_init': 0.01, 'solver': 'adam'}
  Test MSE: 10.88
  Test RMSE: 3.30
  Test R^2 Score: 0.43
[0]: Testing Random State [14]...
[Linear Regression with L2 regularization]:
  Best Parameters: {'alpha': 10}
  Test MSE: 17.78
  Test RMSE: 4.22
  Test R^2 Score: 0.18
[Support Vector Machine]:
  Best Parameters: {'C': 0.1, 'epsilon': 0.5, 'kernel': 'rbf'}
  Test MSE: 19.08
  Test RMSE: 4.37
  Test R^2 Score: 0.12
[Random Forest]:
  Best Parameters: {'max_depth': 20, 'min_samples_leaf': 1, 'min_samples_split': 2, 'n_estimators': 130}
  Test MSE: 8.57
  Test RMSE: 2.93
  Test R^2 Score: 0.61
[Neural Network]:
  Best Parameters: {'activation': 'tanh', 'alpha': 0.01, 'hidden_layer_sizes': (64, 32, 64), 'learning_rate_init': 0.01, 'solver': 'adam'}
  Test MSE: 9.55
  Test RMSE: 3.09
  Test R^2 Score: 0.56
[0]: Testing Random State [15]...
[Linear Regression with L2 regularization]:
  Best Parameters: {'alpha': 10}
  Test MSE: 17.25
  Test RMSE: 4.15
  Test R^2 Score: 0.18
[Support Vector Machine]:
  Best Parameters: {'C': 0.1, 'epsilon': 0.1, 'kernel': 'rbf'}
  Test MSE: 17.41
  Test RMSE: 4.17
  Test R^2 Score: 0.17
[Random Forest]:
  Best Parameters: {'max_depth': 20, 'min_samples_leaf': 1, 'min_samples_split': 2, 'n_estimators': 110}
  Test MSE: 4.69
  Test RMSE: 2.17
  Test R^2 Score: 0.78
[Neural Network]:
  Best Parameters: {'activation': 'tanh', 'alpha': 0.01, 'hidden_layer_sizes': (64, 32, 64), 'learning_rate_init': 0.01, 'solver': 'adam'}
  Test MSE: 8.95
  Test RMSE: 2.99
  Test R^2 Score: 0.57
[0]: Testing Random State [16]...
[Linear Regression with L2 regularization]:
  Best Parameters: {'alpha': 10}
  Test MSE: 14.87
  Test RMSE: 3.86
  Test R^2 Score: 0.14
[Support Vector Machine]:
  Best Parameters: {'C': 0.1, 'epsilon': 0.5, 'kernel': 'rbf'}
  Test MSE: 14.61
  Test RMSE: 3.82
  Test R^2 Score: 0.15
[Random Forest]:
  Best Parameters: {'max_depth': 20, 'min_samples_leaf': 1, 'min_samples_split': 2, 'n_estimators': 120}
  Test MSE: 3.71
  Test RMSE: 1.93
  Test R^2 Score: 0.78
[Neural Network]:
  Best Parameters: {'activation': 'relu', 'alpha': 0.01, 'hidden_layer_sizes': (64, 32, 16), 'learning_rate_init': 0.01, 'solver': 'adam'}
  Test MSE: 8.85
  Test RMSE: 2.97
  Test R^2 Score: 0.49
[0]: Testing Random State [17]...
[Linear Regression with L2 regularization]:
  Best Parameters: {'alpha': 10}
  Test MSE: 15.41
  Test RMSE: 3.93
  Test R^2 Score: 0.13
[Support Vector Machine]:
  Best Parameters: {'C': 0.1, 'epsilon': 0.5, 'kernel': 'rbf'}
  Test MSE: 15.07
  Test RMSE: 3.88
  Test R^2 Score: 0.15
[Random Forest]:
  Best Parameters: {'max_depth': 20, 'min_samples_leaf': 1, 'min_samples_split': 2, 'n_estimators': 110}
  Test MSE: 7.13
  Test RMSE: 2.67
  Test R^2 Score: 0.60
[Neural Network]:
  Best Parameters: {'activation': 'relu', 'alpha': 0.01, 'hidden_layer_sizes': (64, 32, 16), 'learning_rate_init': 0.01, 'solver': 'adam'}
  Test MSE: 13.81
  Test RMSE: 3.72
  Test R^2 Score: 0.22
[0]: Testing Random State [18]...
[Linear Regression with L2 regularization]:
  Best Parameters: {'alpha': 10}
  Test MSE: 19.32
  Test RMSE: 4.40
  Test R^2 Score: 0.09
[Support Vector Machine]:
  Best Parameters: {'C': 0.1, 'epsilon': 0.1, 'kernel': 'rbf'}
  Test MSE: 16.87
  Test RMSE: 4.11
  Test R^2 Score: 0.21
[Random Forest]:
  Best Parameters: {'max_depth': 20, 'min_samples_leaf': 1, 'min_samples_split': 2, 'n_estimators': 130}
  Test MSE: 6.64
  Test RMSE: 2.58
  Test R^2 Score: 0.69
[Neural Network]:
  Best Parameters: {'activation': 'tanh', 'alpha': 0.0001, 'hidden_layer_sizes': (64, 32, 64), 'learning_rate_init': 0.01, 'solver': 'adam'}
  Test MSE: 8.80
  Test RMSE: 2.97
  Test R^2 Score: 0.59
[0]: Testing Random State [19]...
[Linear Regression with L2 regularization]:
  Best Parameters: {'alpha': 10}
  Test MSE: 19.67
  Test RMSE: 4.43
  Test R^2 Score: 0.09
[Support Vector Machine]:
  Best Parameters: {'C': 0.1, 'epsilon': 0.5, 'kernel': 'rbf'}
  Test MSE: 18.32
  Test RMSE: 4.28
  Test R^2 Score: 0.15
[Random Forest]:
  Best Parameters: {'max_depth': 20, 'min_samples_leaf': 1, 'min_samples_split': 2, 'n_estimators': 130}
  Test MSE: 5.79
  Test RMSE: 2.41
  Test R^2 Score: 0.73
[Neural Network]:
  Best Parameters: {'activation': 'tanh', 'alpha': 0.0001, 'hidden_layer_sizes': (64, 32, 64), 'learning_rate_init': 0.01, 'solver': 'adam'}
  Test MSE: 8.73
  Test RMSE: 2.96
  Test R^2 Score: 0.59
